INFO     - 2023-08-11 20:22:45,772. В модуле "__main__" функция "gen_names()" в 1691774565.7722926 записала сообщение: Eqfhryc

INFO     - 2023-08-11 20:22:45,772. В модуле "__main__" функция "gen_names()" в 1691774565.7722926 записала сообщение: Altekth

INFO     - 2023-08-11 20:22:45,772. В модуле "__main__" функция "gen_names()" в 1691774565.7722926 записала сообщение: Ikrf

INFO     - 2023-08-11 20:22:45,772. В модуле "__main__" функция "gen_names()" в 1691774565.7722926 записала сообщение: Axxqg

INFO     - 2023-08-11 20:22:45,773. В модуле "__main__" функция "gen_names()" в 1691774565.773292 записала сообщение: Iqhs

INFO     - 2023-08-11 20:22:45,773. В модуле "__main__" функция "gen_names()" в 1691774565.773292 записала сообщение: Emsjome

INFO     - 2023-08-11 20:22:45,773. В модуле "__main__" функция "gen_names()" в 1691774565.773292 записала сообщение: Euvon

INFO     - 2023-08-11 20:22:45,773. В модуле "__main__" функция "gen_names()" в 1691774565.773292 записала сообщение: Ezqcqlc

INFO     - 2023-08-11 20:22:45,773. В модуле "__main__" функция "gen_names()" в 1691774565.773292 записала сообщение: Ahdyzk

INFO     - 2023-08-11 20:22:45,773. В модуле "__main__" функция "gen_names()" в 1691774565.773292 записала сообщение: Efojk

INFO     - 2023-08-11 20:22:45,773. В модуле "__main__" функция "gen_names()" в 1691774565.773292 записала сообщение: Ozpfjqf

INFO     - 2023-08-11 20:22:45,773. В модуле "__main__" функция "gen_names()" в 1691774565.773292 записала сообщение: Exkp

INFO     - 2023-08-11 20:22:45,773. В модуле "__main__" функция "gen_names()" в 1691774565.773292 записала сообщение: Ifiqgwj

INFO     - 2023-08-11 20:22:45,773. В модуле "__main__" функция "gen_names()" в 1691774565.773292 записала сообщение: Oraobz

INFO     - 2023-08-11 20:22:45,773. В модуле "__main__" функция "gen_names()" в 1691774565.773292 записала сообщение: Uexbxw

INFO     - 2023-08-11 20:22:45,773. В модуле "__main__" функция "gen_names()" в 1691774565.773292 записала сообщение: Ulajrc

INFO     - 2023-08-11 20:22:45,773. В модуле "__main__" функция "gen_names()" в 1691774565.773292 записала сообщение: Ospusn

INFO     - 2023-08-11 20:22:45,773. В модуле "__main__" функция "gen_names()" в 1691774565.773292 записала сообщение: Urhwsrf

INFO     - 2023-08-11 20:22:45,773. В модуле "__main__" функция "gen_names()" в 1691774565.773292 записала сообщение: Eayjidn

INFO     - 2023-08-11 20:22:45,773. В модуле "__main__" функция "gen_names()" в 1691774565.773292 записала сообщение: Oqowsrt

